#! /usr/bin/vvp
:ivl_version "0.9.7 " "(v0_9_7)";
:vpi_time_precision - 12;
:vpi_module "system";
:vpi_module "v2005_math";
:vpi_module "va_math";
S_0x25edf30 .scope module, "HammingDecoder" "HammingDecoder" 2 14;
 .timescale -9 -12;
L_0x2620510 .functor NOT 1, L_0x2620470, C4<0>, C4<0>, C4<0>;
L_0x261f8c0 .functor NOT 1, L_0x2620960, C4<0>, C4<0>, C4<0>;
L_0x2621080 .functor NOT 1, L_0x2620f80, C4<0>, C4<0>, C4<0>;
L_0x2621020 .functor NOT 1, L_0x26214b0, C4<0>, C4<0>, C4<0>;
v0x261cf30_0 .net *"_s0", 2 0, C4<011>; 1 drivers
v0x261cff0_0 .net *"_s10", 0 0, L_0x2620660; 1 drivers
v0x261d090_0 .net *"_s12", 2 0, C4<101>; 1 drivers
v0x261d130_0 .net *"_s14", 0 0, L_0x2620830; 1 drivers
v0x261d1b0_0 .net *"_s17", 0 0, L_0x2620960; 1 drivers
v0x261d250_0 .net *"_s18", 0 0, L_0x261f8c0; 1 drivers
v0x261d2f0_0 .net *"_s2", 0 0, L_0x2620380; 1 drivers
v0x261d390_0 .net *"_s21", 0 0, L_0x2620c10; 1 drivers
v0x261d430_0 .net *"_s22", 0 0, L_0x2620cb0; 1 drivers
v0x261d4d0_0 .net *"_s24", 2 0, C4<110>; 1 drivers
v0x261d570_0 .net *"_s26", 0 0, L_0x2620e90; 1 drivers
v0x261d610_0 .net *"_s29", 0 0, L_0x2620f80; 1 drivers
v0x261d6b0_0 .net *"_s30", 0 0, L_0x2621080; 1 drivers
v0x261d750_0 .net *"_s33", 0 0, L_0x26210e0; 1 drivers
v0x261d870_0 .net *"_s34", 0 0, L_0x2621180; 1 drivers
v0x261d910_0 .net *"_s36", 2 0, C4<111>; 1 drivers
v0x261d7d0_0 .net *"_s38", 0 0, L_0x26213c0; 1 drivers
v0x261da60_0 .net *"_s41", 0 0, L_0x26214b0; 1 drivers
v0x261db80_0 .net *"_s42", 0 0, L_0x2621020; 1 drivers
v0x261dc00_0 .net *"_s45", 0 0, L_0x2621620; 1 drivers
v0x261dae0_0 .net *"_s46", 0 0, L_0x26216f0; 1 drivers
v0x261dd30_0 .net *"_s5", 0 0, L_0x2620470; 1 drivers
v0x261dc80_0 .net *"_s6", 0 0, L_0x2620510; 1 drivers
v0x261de70_0 .net *"_s9", 0 0, L_0x26205c0; 1 drivers
v0x261ddd0_0 .net "data", 3 0, L_0x2621940; 1 drivers
v0x261dfc0_0 .net "received", 6 0, C4<zzzzzzz>; 0 drivers
v0x261def0_0 .net "syn", 2 0, L_0x26201a0; 1 drivers
L_0x2620380 .cmp/eq 3, L_0x26201a0, C4<011>;
L_0x2620470 .part C4<zzzzzzz>, 6, 1;
L_0x26205c0 .part C4<zzzzzzz>, 6, 1;
L_0x2620660 .functor MUXZ 1, L_0x26205c0, L_0x2620510, L_0x2620380, C4<>;
L_0x2620830 .cmp/eq 3, L_0x26201a0, C4<101>;
L_0x2620960 .part C4<zzzzzzz>, 5, 1;
L_0x2620c10 .part C4<zzzzzzz>, 5, 1;
L_0x2620cb0 .functor MUXZ 1, L_0x2620c10, L_0x261f8c0, L_0x2620830, C4<>;
L_0x2620e90 .cmp/eq 3, L_0x26201a0, C4<110>;
L_0x2620f80 .part C4<zzzzzzz>, 4, 1;
L_0x26210e0 .part C4<zzzzzzz>, 4, 1;
L_0x2621180 .functor MUXZ 1, L_0x26210e0, L_0x2621080, L_0x2620e90, C4<>;
L_0x26213c0 .cmp/eq 3, L_0x26201a0, C4<111>;
L_0x26214b0 .part C4<zzzzzzz>, 3, 1;
L_0x2621620 .part C4<zzzzzzz>, 3, 1;
L_0x26216f0 .functor MUXZ 1, L_0x2621620, L_0x2621020, L_0x26213c0, C4<>;
L_0x2621940 .concat [ 1 1 1 1], L_0x26216f0, L_0x2621180, L_0x2620cb0, L_0x2620660;
S_0x25fc9d0 .scope module, "syndrome" "synMake" 2 22, 2 3, S_0x25edf30;
 .timescale -9 -12;
L_0x261c540 .functor XOR 1, L_0x261efa0, L_0x261f040, C4<0>, C4<0>;
L_0x261f2e0 .functor XOR 1, L_0x261c540, L_0x261f1b0, C4<0>, C4<0>;
L_0x261f430 .functor XOR 1, L_0x261f2e0, L_0x261f390, C4<0>, C4<0>;
L_0x261f6e0 .functor XOR 1, L_0x261f560, L_0x261f600, C4<0>, C4<0>;
L_0x261f250 .functor XOR 1, L_0x261f6e0, L_0x261f7e0, C4<0>, C4<0>;
L_0x261fb20 .functor XOR 1, L_0x261f250, L_0x261fa30, C4<0>, C4<0>;
L_0x261fdc0 .functor XOR 1, L_0x261fc20, L_0x261fcc0, C4<0>, C4<0>;
L_0x261ff10 .functor XOR 1, L_0x261fdc0, L_0x261fe70, C4<0>, C4<0>;
L_0x261fd60 .functor XOR 1, L_0x261ff10, L_0x2620060, C4<0>, C4<0>;
v0x25fb440_0 .net *"_s1", 0 0, L_0x261efa0; 1 drivers
v0x261bf20_0 .net *"_s11", 0 0, L_0x261f390; 1 drivers
v0x261bfc0_0 .net *"_s12", 0 0, L_0x261f430; 1 drivers
v0x261c060_0 .net *"_s15", 0 0, L_0x261f560; 1 drivers
v0x261c110_0 .net *"_s17", 0 0, L_0x261f600; 1 drivers
v0x261c1b0_0 .net *"_s18", 0 0, L_0x261f6e0; 1 drivers
v0x261c290_0 .net *"_s21", 0 0, L_0x261f7e0; 1 drivers
v0x261c330_0 .net *"_s22", 0 0, L_0x261f250; 1 drivers
v0x261c420_0 .net *"_s25", 0 0, L_0x261fa30; 1 drivers
v0x261c4c0_0 .net *"_s26", 0 0, L_0x261fb20; 1 drivers
v0x261c5c0_0 .net *"_s29", 0 0, L_0x261fc20; 1 drivers
v0x261c660_0 .net *"_s3", 0 0, L_0x261f040; 1 drivers
v0x261c770_0 .net *"_s31", 0 0, L_0x261fcc0; 1 drivers
v0x261c810_0 .net *"_s32", 0 0, L_0x261fdc0; 1 drivers
v0x261c930_0 .net *"_s35", 0 0, L_0x261fe70; 1 drivers
v0x261c9d0_0 .net *"_s36", 0 0, L_0x261ff10; 1 drivers
v0x261c890_0 .net *"_s39", 0 0, L_0x2620060; 1 drivers
v0x261cb20_0 .net *"_s4", 0 0, L_0x261c540; 1 drivers
v0x261cc40_0 .net *"_s40", 0 0, L_0x261fd60; 1 drivers
v0x261ccc0_0 .net *"_s7", 0 0, L_0x261f1b0; 1 drivers
v0x261cba0_0 .net *"_s8", 0 0, L_0x261f2e0; 1 drivers
v0x261cdf0_0 .alias "data", 6 0, v0x261dfc0_0;
v0x261cd40_0 .alias "syn", 2 0, v0x261def0_0;
L_0x261efa0 .part C4<zzzzzzz>, 5, 1;
L_0x261f040 .part C4<zzzzzzz>, 4, 1;
L_0x261f1b0 .part C4<zzzzzzz>, 3, 1;
L_0x261f390 .part C4<zzzzzzz>, 2, 1;
L_0x261f560 .part C4<zzzzzzz>, 6, 1;
L_0x261f600 .part C4<zzzzzzz>, 4, 1;
L_0x261f7e0 .part C4<zzzzzzz>, 3, 1;
L_0x261fa30 .part C4<zzzzzzz>, 1, 1;
L_0x261fc20 .part C4<zzzzzzz>, 6, 1;
L_0x261fcc0 .part C4<zzzzzzz>, 5, 1;
L_0x261fe70 .part C4<zzzzzzz>, 4, 1;
L_0x2620060 .part C4<zzzzzzz>, 0, 1;
L_0x26201a0 .concat [ 1 1 1 0], L_0x261fd60, L_0x261fb20, L_0x261f430;
S_0x25fc8e0 .scope module, "SerialHammingEncoder" "SerialHammingEncoder" 2 45;
 .timescale -9 -12;
P_0x25d6ed8 .param/l "Leng" 2 51, C4<01000>;
P_0x25d6f00 .param/l "N" 2 45, +C4<01>;
v0x261eda0_0 .net "data", 1 1, C4<z>; 0 drivers
RS_0x7fc69b6c7a08 .resolv tri, L_0x2621b20, L_0x2621c70, L_0x2621df0, L_0x2621f60;
v0x261ee60_0 .net8 "extendedData", 4 1, RS_0x7fc69b6c7a08; 4 drivers
v0x261ef00_0 .net "hammedData", 8 1, C4<zzzzzzzz>; 0 drivers
L_0x2621b20 .part/pv L_0x2621bc0, 0, 1, 4;
L_0x2621c70 .part/pv C4<0>, 1, 1, 4;
L_0x2621df0 .part/pv C4<0>, 2, 1, 4;
L_0x2621f60 .part/pv C4<0>, 3, 1, 4;
S_0x261ea60 .scope generate, "gen0[1]" "gen0[1]" 2 57, 2 57, S_0x25fc8e0;
 .timescale -9 -12;
P_0x261eb58 .param/l "ind0" 2 57, +C4<01>;
S_0x261ec10 .scope generate, "genblk2" "genblk2" 2 59, 2 59, S_0x261ea60;
 .timescale -9 -12;
L_0x2621bc0 .functor BUFZ 1, C4<z>, C4<0>, C4<0>, C4<0>;
v0x261ed00_0 .net *"_s1", 0 0, L_0x2621bc0; 1 drivers
S_0x261e720 .scope generate, "gen0[2]" "gen0[2]" 2 57, 2 57, S_0x25fc8e0;
 .timescale -9 -12;
P_0x261e818 .param/l "ind0" 2 57, +C4<010>;
S_0x261e8d0 .scope generate, "genblk3" "genblk3" 2 59, 2 59, S_0x261e720;
 .timescale -9 -12;
v0x261e9c0_0 .net/s *"_s0", 0 0, C4<0>; 1 drivers
S_0x261e3e0 .scope generate, "gen0[3]" "gen0[3]" 2 57, 2 57, S_0x25fc8e0;
 .timescale -9 -12;
P_0x261e4d8 .param/l "ind0" 2 57, +C4<011>;
S_0x261e590 .scope generate, "genblk3" "genblk3" 2 59, 2 59, S_0x261e3e0;
 .timescale -9 -12;
v0x261e680_0 .net/s *"_s0", 0 0, C4<0>; 1 drivers
S_0x261e120 .scope generate, "gen0[4]" "gen0[4]" 2 57, 2 57, S_0x25fc8e0;
 .timescale -9 -12;
P_0x261c238 .param/l "ind0" 2 57, +C4<0100>;
S_0x261e250 .scope generate, "genblk3" "genblk3" 2 59, 2 59, S_0x261e120;
 .timescale -9 -12;
v0x261e340_0 .net/s *"_s0", 0 0, C4<0>; 1 drivers
# The file index is used to find the file name in the following table.
:file_names 3;
    "N/A";
    "<interactive>";
    "Hamming.v";
